WCCILevent   (0), 2024.06.10 09:46:35.516, SYS,  INFO,        1, Manager Start, PROJ, RUSOXO, V 3.16 - 3.16   platform Windows AMD64 linked at Sep 16 2020 09:22:38 (0bebb1b315d)
WCCILevent   (0), 2024.06.10 09:46:35.570, SYS,  INFO,      108, License information, Host information
Hostname:   asutp-062
HW-code:    43365950111
HW-version: 31600002

WCCILevent   (0), 2024.06.10 09:46:35.621, SYS,  SEVERE,    105, Invalid license, asutp-062: License has expired
WCCILevent   (0), 2024.06.10 09:46:35.672, SYS,  INFO,      108, License information, Using license file C:\Siemens\Automation\WinCC_OA\3.16\shield.txt

WCCILevent   (0), 2024.06.10 09:46:35.686, SYS,  INFO,        3, Trying to connect to (SYS: 0 Data -num 0 CONN: 1) @ localhost:4897
WCCILevent   (0), 2024.06.10 09:46:35.687, SYS,  INFO,        4, Connected to (SYS: 0 Data -num 0 CONN: 1) @ asutp-062 (::1)
WCCILevent   (0), 2024.06.10 09:46:35.688, PARAM,SEVERE,     71, DP does not exist, _Connections.Event.ManNums:_original.._value
WCCILevent   (0), 2024.06.10 09:46:35.688, PARAM,SEVERE,     71, DP does not exist, _Connections.Event.StartTimes:_original.._value
WCCILevent   (0), 2024.06.10 09:46:35.688, PARAM,SEVERE,     71, DP does not exist, _Connections.Event.HostNames:_original.._value
WCCILevent   (0), 2024.06.10 09:46:35.688, PARAM,SEVERE,     71, DP does not exist, _Connections.Driver.ManNums:_original.._value
WCCILevent   (0), 2024.06.10 09:46:35.688, PARAM,SEVERE,     71, DP does not exist, _Connections.Driver.StartTimes:_original.._value
WCCILevent   (0), 2024.06.10 09:46:35.688, PARAM,SEVERE,     71, DP does not exist, _Connections.Driver.HostNames:_original.._value
WCCILevent   (0), 2024.06.10 09:46:35.688, PARAM,SEVERE,     71, DP does not exist, _Connections.Data.ManNums:_original.._value
WCCILevent   (0), 2024.06.10 09:46:35.688, PARAM,SEVERE,     71, DP does not exist, _Connections.Data.StartTimes:_original.._value
WCCILevent   (0), 2024.06.10 09:46:35.688, PARAM,SEVERE,     71, DP does not exist, _Connections.Data.HostNames:_original.._value
WCCILevent   (0), 2024.06.10 09:46:35.688, PARAM,SEVERE,     71, DP does not exist, _Connections.Ui.ManNums:_original.._value
WCCILevent   (0), 2024.06.10 09:46:35.688, PARAM,SEVERE,     71, DP does not exist, _Connections.Ui.StartTimes:_original.._value
WCCILevent   (0), 2024.06.10 09:46:35.688, PARAM,SEVERE,     71, DP does not exist, _Connections.Ui.HostNames:_original.._value
WCCILevent   (0), 2024.06.10 09:46:35.688, PARAM,SEVERE,     71, DP does not exist, _Connections.Ctrl.ManNums:_original.._value
WCCILevent   (0), 2024.06.10 09:46:35.688, PARAM,SEVERE,     71, DP does not exist, _Connections.Ctrl.StartTimes:_original.._value
WCCILevent   (0), 2024.06.10 09:46:35.688, PARAM,SEVERE,     71, DP does not exist, _Connections.Ctrl.HostNames:_original.._value
WCCILevent   (0), 2024.06.10 09:46:35.688, PARAM,SEVERE,     71, DP does not exist, _Connections.Ascii.ManNums:_original.._value
WCCILevent   (0), 2024.06.10 09:46:35.688, PARAM,SEVERE,     71, DP does not exist, _Connections.Ascii.StartTimes:_original.._value
WCCILevent   (0), 2024.06.10 09:46:35.688, PARAM,SEVERE,     71, DP does not exist, _Connections.Ascii.HostNames:_original.._value
WCCILevent   (0), 2024.06.10 09:46:35.688, PARAM,SEVERE,     71, DP does not exist, _Connections.Api.ManNums:_original.._value
WCCILevent   (0), 2024.06.10 09:46:35.688, PARAM,SEVERE,     71, DP does not exist, _Connections.Api.StartTimes:_original.._value
WCCILevent   (0), 2024.06.10 09:46:35.688, PARAM,SEVERE,     71, DP does not exist, _Connections.Api.HostNames:_original.._value
WCCILevent   (0), 2024.06.10 09:46:35.689, PARAM,SEVERE,     71, DP does not exist, _Connections.Device.ManNums:_original.._value
WCCILevent   (0), 2024.06.10 09:46:35.689, PARAM,SEVERE,     71, DP does not exist, _Connections.Device.StartTimes:_original.._value
WCCILevent   (0), 2024.06.10 09:46:35.689, PARAM,SEVERE,     71, DP does not exist, _Connections.Device.HostNames:_original.._value
WCCILevent   (0), 2024.06.10 09:46:35.689, PARAM,SEVERE,     71, DP does not exist, _Connections.Redu.ManNums:_original.._value
WCCILevent   (0), 2024.06.10 09:46:35.689, PARAM,SEVERE,     71, DP does not exist, _Connections.Redu.StartTimes:_original.._value
WCCILevent   (0), 2024.06.10 09:46:35.689, PARAM,SEVERE,     71, DP does not exist, _Connections.Redu.HostNames:_original.._value
WCCILevent   (0), 2024.06.10 09:46:35.689, PARAM,SEVERE,     71, DP does not exist, _Connections.Report.ManNums:_original.._value
WCCILevent   (0), 2024.06.10 09:46:35.689, PARAM,SEVERE,     71, DP does not exist, _Connections.Report.StartTimes:_original.._value
WCCILevent   (0), 2024.06.10 09:46:35.689, PARAM,SEVERE,     71, DP does not exist, _Connections.Report.HostNames:_original.._value
WCCILevent   (0), 2024.06.10 09:46:35.689, PARAM,SEVERE,     71, DP does not exist, _Connections.Dde.ManNums:_original.._value
WCCILevent   (0), 2024.06.10 09:46:35.689, PARAM,SEVERE,     71, DP does not exist, _Connections.Dde.StartTimes:_original.._value
WCCILevent   (0), 2024.06.10 09:46:35.689, PARAM,SEVERE,     71, DP does not exist, _Connections.Dde.HostNames:_original.._value
WCCILevent   (0), 2024.06.10 09:46:35.689, PARAM,SEVERE,     71, DP does not exist, _Connections.Dist.ManNums:_original.._value
WCCILevent   (0), 2024.06.10 09:46:35.689, PARAM,SEVERE,     71, DP does not exist, _Connections.Dist.StartTimes:_original.._value
WCCILevent   (0), 2024.06.10 09:46:35.689, PARAM,SEVERE,     71, DP does not exist, _Connections.Dist.HostNames:_original.._value
WCCILevent   (0), 2024.06.10 09:46:35.740, SYS,  SEVERE,    105, Invalid license, asutp-062: License has expired
WCCILevent   (0), 2024.06.10 09:46:35.740, SYS,  INFO,        6, Initialization by Data Manager finished
WCCILevent   (0), 2024.06.10 09:46:35.740, SYS,  INFO,      169, Initialize 0 dp-functions
WCCILevent   (0), 2024.06.10 09:46:35.740, SYS,  INFO,      168, Initialize 0 alerts
WCCILevent   (0), 2024.06.10 09:46:35.740, PARAM,WARNING,     7, Datapoint does not exist, EvFixedLicenses, EvFixedLicenses, _Event.License.FixedShield
WCCILevent   (0), 2024.06.10 09:46:35.740, PARAM,WARNING,     7, Datapoint does not exist, UserTable, UserTable, _Users.UserId
WCCILevent   (0), 2024.06.10 09:46:35.740, PARAM,WARNING,     7, Datapoint does not exist, ManagerTable, ManagerTable, _Managers.Auth.ManType
WCCILevent   (0), 2024.06.10 09:46:35.740, PARAM,WARNING,     7, Datapoint does not exist, EventManager, doDpConnect, _System.Auth.DpType:_original.._value
WCCILevent   (0), 2024.06.10 09:46:35.740, PARAM,WARNING,     7, Datapoint does not exist, EventManager, doDpConnect, _System.Auth.Dp:_original.._value
WCCILevent   (0), 2024.06.10 09:46:35.740, PARAM,WARNING,     7, Datapoint does not exist, EventManager, doDpConnect, _System.Auth.DpAuth:_original.._value
WCCILevent   (0), 2024.06.10 09:46:35.740, PARAM,WARNING,     7, Datapoint does not exist, EventManager, doDpConnect, _System.Auth.DpAlias:_original.._value
WCCILevent   (0), 2024.06.10 09:46:35.740, PARAM,WARNING,     7, Datapoint does not exist, EventManager, dpDpConnect, _Event.ReadLicense
WCCILevent   (0), 2024.06.10 09:46:35.740, PARAM,WARNING,     8, Element does not exist, EventManager, doDpConnect, _Managers.Exit
WCCILevent   (0), 2024.06.10 09:46:35.740, PARAM,WARNING,     8, Element does not exist, EventManager, doDpConnect, _Managers.Refresh
WCCILevent   (0), 2024.06.10 09:46:35.740, PARAM,WARNING,     7, Datapoint does not exist, EventManager, evMain, _Event.License.ExpirationCnt
WCCILevent   (0), 2024.06.10 09:46:35.740, PARAM,WARNING,     7, Datapoint does not exist, EventManager, evMain, _Event.License.RemainingTime
WCCILevent   (0), 2024.06.10 09:46:35.740, PARAM,WARNING,     7, Datapoint does not exist, EventManager, evMain, _Event.License.alm.isRTILInvalid:_original.._value
WCCILevent   (0), 2024.06.10 09:46:35.740, PARAM,WARNING,     7, Datapoint does not exist, EventManager, evMain, _Event.License.alm.isPVSSInvalid:_original.._value
WCCILevent   (0), 2024.06.10 09:46:35.740, PARAM,WARNING,     7, Datapoint does not exist, EventManager, evMain, _Event.License.alm.shield:_original.._value
WCCILevent   (0), 2024.06.10 09:46:35.740, SYS,  SEVERE,    105, Invalid license, Eventmanager will shutdown after the demo period of 1800 seconds
WCCILevent   (0), 2024.06.10 09:46:35.858, SYS,  WARNING,   105, Invalid license, asutp-062: License has expired, Running as demo version, driver
WCCILevent   (0), 2024.06.10 09:46:35.858, SYS,  INFO,        4, Connected to (SYS: 1 Driver -num 1 CONN: 1) @ asutp-062 (::1)
WCCILevent   (0), 2024.06.10 09:46:35.966, SYS,  WARNING,   105, Invalid license, asutp-062: License has expired, Running as demo version, ascii
WCCILevent   (0), 2024.06.10 09:46:35.966, SYS,  INFO,        4, Connected to (SYS: 1 Ascii -num 1 CONN: 1) @ asutp-062 (::1)
WCCILevent   (0), 2024.06.10 09:46:36.136, SYS,  WARNING,    39, Connection lost, MAN: (SYS: 1 Ascii -num 1 CONN: 1), Connection reset by peer (10054)
WCCILevent   (0), 2024.06.10 09:46:36.234, SYS,  WARNING,   105, Invalid license, asutp-062: License has expired, Running as demo version, ascii
WCCILevent   (0), 2024.06.10 09:46:36.235, SYS,  INFO,        4, Connected to (SYS: 1 Ascii -num 1 CONN: 1) @ asutp-062 (::1)
WCCILevent   (0), 2024.06.10 09:46:36.291, SYS,  INFO,        1/event, <Error description text missing in event.cat message catalog>, MAN: (SYS: 1 Ascii -num 1 CONN: 1), 3, 227
WCCILevent   (0), 2024.06.10 09:46:36.441, SYS,  WARNING,    39, Connection lost, MAN: (SYS: 1 Ascii -num 1 CONN: 1), Connection reset by peer (10054)
WCCILevent   (0), 2024.06.10 09:46:36.562, SYS,  WARNING,   105, Invalid license, asutp-062: License has expired, Running as demo version, ascii
WCCILevent   (0), 2024.06.10 09:46:36.563, SYS,  INFO,        4, Connected to (SYS: 1 Ascii -num 1 CONN: 1) @ asutp-062 (::1)
WCCILevent   (0), 2024.06.10 09:46:36.563, SYS,  INFO,        1/event, <Error description text missing in event.cat message catalog>, MAN: (SYS: 1 Ascii -num 1 CONN: 1), 2, 468
WCCILevent   (0), 2024.06.10 09:47:03.394, SYS,  WARNING,    39, Connection lost, MAN: (SYS: 1 Ascii -num 1 CONN: 1), Connection reset by peer (10054)
WCCILevent   (0), 2024.06.10 09:47:03.432, SYS,  INFO,       39, Connection lost, MAN: (SYS: 1 Driver -num 1 CONN: 1), Connection closed
WCCILevent   (0), 2024.06.10 09:47:03.443, SYS,  INFO,        2, Manager Stop, received signal 15, exiting
WCCILevent   (0), 2024.06.10 09:47:03.542, SYS,  INFO,        2, Manager Stop, start cleanup
WCCILevent   (0), 2024.06.10 09:47:03.542, SYS,  INFO,      181, Closing connection to (SYS: 1 Data -num 0 CONN: 1)
WCCILevent   (0), 2024.06.10 09:47:03.542, SYS,  INFO,       39, Connection lost, MAN: (SYS: 1 Data -num 0 CONN: 1), Connection closed
WCCILevent   (0), 2024.06.10 09:47:03.549, SYS,  INFO,        2, Manager Stop
