WCCOAui      (1), 2024.06.10 13:00:04.849,	Qt,	QImage::scaled: Image is a null image
WCCOAui      (1), 2024.06.10 13:21:40.384,	Qt,	QImage::scaled: Image is a null image
WCCOAui      (1), 2024.06.10 13:42:06.794,	Qt,	QImage::scaled: Image is a null image
WCCOAui      (1), 2024.06.10 14:15:55.186,	Qt,	QImage::scaled: Image is a null image
WCCOAui      (1), 2024.06.10 16:11:18.117,	Qt,	QImage::scaled: Image is a null image
["success"]
["success"]
["j"]
["j"]
WCCOAui      (1), 2024.06.13 15:18:14.394,	Qt,	QImage::scaled: Image is a null image
["success"]
[16]
[16]
[0][0][0][0][0][0]
[1]
[2]
[3]
[4]
WCCOAui      (1), 2024.06.18 10:31:16.876,	Qt,	QImage::scaled: Image is a null image
WCCOAui      (1), 2024.06.18 14:53:10.617,	Qt,	QImage::scaled: Image is a null image
WCCOAui      (1), 2024.06.19 15:27:57.411,	Qt,	QImage::scaled: Image is a null image
[8]
["success"]
["success"]
["success"]
["success"]
["success"]
["success"]
["success"]
["success"]
[0]
[0]
[0]
[0]
[0]
[0]
[0]
[0]
[0]
[0]
[0]
[0]
[0]
[0]
[5]
[5]
[7]
[1]
[1]
[0]
[0]
[0]
[0]
[0]
[2]
[2]
[7]
[16]
[22]
[0]
[0]
[6]
[0]
[0]
[0]
[1]
[1]
[0]
[9]
[14]
[0]
[0]
[0]
[1]
[1]
[0]
[0]
[0]
[0]
[0]
[1]
[2]
[2]
[3]
[4]
[5]
[6]
[7]
["{255,255,255}"]
[FALSE]
[FALSE]
["success"]
["terminate"]
["iii"]
WCCOAui      (1), 2024.07.02 10:14:31.259,	Qt,	QImage::scaled: Image is a null image
WCCOAui      (1), 2024.07.09 13:26:04.021,	Qt,	QImage::scaled: Image is a null image
WCCOAui      (1), 2024.07.11 09:20:22.027,	Qt,	QImage::scaled: Image is a null image
WCCOAui      (1), 2024.07.13 08:46:53.512,	Qt,	QImage::scaled: Image is a null image
WCCOAui      (1), 2024.07.13 09:21:15.877,	Qt,	QImage::scaled: Image is a null image
["success"]
["success"]
["success"]
["success"]
["success"]
["success"]
["success"]
["success"]
["success"]
WCCOAui      (1), 2024.07.17 11:48:35.817,	Qt,	QImage::scaled: Image is a null image
WCCOAui      (1), 2024.07.17 12:05:27.287,	Qt,	QImage::scaled: Image is a null image
["success"]
["success"]
WCCOAui      (1), 2024.07.18 11:08:34.005,	Qt,	QImage::scaled: Image is a null image
["success"]
["success"]
["success"]
["success"]
["success"]
["success"]
["success"]
["success"]
["success"]
["success"]
["success"]
["success"]
["success"]
["success"]
["success"]
["success"]
["success"]
["success"]
["success"]
["success"]
["success"]
[97]
[98]
[99]
[97]
[98]
[99]
[97]
[97]
[97]
["a"]
["a"]
["b"]
["c"]
["a"]
["b"]
["c"]
["a"]
["b"]
["c"]
["success"]
["a"]
["b"]
["c"]
["success"]
["success"]
["success"]
["success"]
["success"]
["success"]
["success"]
["success"]
["success"]
["success"]
["success"]
["success"]
["success"]
["success"]
["success"]
[97]
2024.07.31 14:30:47.852["ERROR: Powerconfig empty? "]["_mp_GD.TE.block_mask"]["_address"][dyn_string 12 items
     1: "_mp_Dev.SimValue:_address"
     2: "_mp_Dev.raw_value:_address"
     3: "_mp_Dev.block_mask:_address"
     4: "_mp_Dev.Scale.zero:_address"
     5: "_mp_Dev.Scale.span:_address"
     6: "_mp_Dev.Scale.set_zero:_address"
     7: "_mp_Dev.Scale.set_span:_address"
     8: "_mp_Dev.SP.low:_address"
     9: "_mp_Dev.SP.high:_address"
    10: "_mp_Dev.SP.set_low:_address"
    11: "_mp_Dev.SP.set_high:_address"
    12: "_mp_Dev.mb_value:_address"
][dyn_string 12 items
     1: "_da_none"
     2: "_da_none"
     3: "_da_none"
     4: "_da_none"
     5: "_da_none"
     6: "_da_none"
     7: "_da_none"
     8: "_da_none"
     9: "_da_none"
    10: "_da_none"
    11: "_da_none"
    12: "_da_none"
][-1][""]
2024.07.31 14:30:47.852["ERROR: Powerconfig empty? "]["_mp_GD.TE.block_mask"]["_address"][dyn_string 12 items
     1: "_mp_Dev.SimValue:_address"
     2: "_mp_Dev.raw_value:_address"
     3: "_mp_Dev.block_mask:_address"
     4: "_mp_Dev.Scale.zero:_address"
     5: "_mp_Dev.Scale.span:_address"
     6: "_mp_Dev.Scale.set_zero:_address"
     7: "_mp_Dev.Scale.set_span:_address"
     8: "_mp_Dev.SP.low:_address"
     9: "_mp_Dev.SP.high:_address"
    10: "_mp_Dev.SP.set_low:_address"
    11: "_mp_Dev.SP.set_high:_address"
    12: "_mp_Dev.mb_value:_address"
][dyn_string 12 items
     1: "_da_none"
     2: "_da_none"
     3: "_da_none"
     4: "_da_none"
     5: "_da_none"
     6: "_da_none"
     7: "_da_none"
     8: "_da_none"
     9: "_da_none"
    10: "_da_none"
    11: "_da_none"
    12: "_da_none"
][-1][""]
2024.07.31 14:30:47.854["ERROR: Powerconfig empty? "]["_mp_GD.TE.block_mask"]["_address"][dyn_string 12 items
     1: "_mp_Dev.SimValue:_address"
     2: "_mp_Dev.raw_value:_address"
     3: "_mp_Dev.block_mask:_address"
     4: "_mp_Dev.Scale.zero:_address"
     5: "_mp_Dev.Scale.span:_address"
     6: "_mp_Dev.Scale.set_zero:_address"
     7: "_mp_Dev.Scale.set_span:_address"
     8: "_mp_Dev.SP.low:_address"
     9: "_mp_Dev.SP.high:_address"
    10: "_mp_Dev.SP.set_low:_address"
    11: "_mp_Dev.SP.set_high:_address"
    12: "_mp_Dev.mb_value:_address"
][dyn_string 12 items
     1: "_da_none"
     2: "_da_none"
     3: "_da_none"
     4: "_da_none"
     5: "_da_none"
     6: "_da_none"
     7: "_da_none"
     8: "_da_none"
     9: "_da_none"
    10: "_da_none"
    11: "_da_none"
    12: "_da_none"
][-1][""]
2024.07.31 14:30:47.854["ERROR: Powerconfig empty? "]["_mp_GD.TE.block_mask"]["_address"][dyn_string 12 items
     1: "_mp_Dev.SimValue:_address"
     2: "_mp_Dev.raw_value:_address"
     3: "_mp_Dev.block_mask:_address"
     4: "_mp_Dev.Scale.zero:_address"
     5: "_mp_Dev.Scale.span:_address"
     6: "_mp_Dev.Scale.set_zero:_address"
     7: "_mp_Dev.Scale.set_span:_address"
     8: "_mp_Dev.SP.low:_address"
     9: "_mp_Dev.SP.high:_address"
    10: "_mp_Dev.SP.set_low:_address"
    11: "_mp_Dev.SP.set_high:_address"
    12: "_mp_Dev.mb_value:_address"
][dyn_string 12 items
     1: "_da_none"
     2: "_da_none"
     3: "_da_none"
     4: "_da_none"
     5: "_da_none"
     6: "_da_none"
     7: "_da_none"
     8: "_da_none"
     9: "_da_none"
    10: "_da_none"
    11: "_da_none"
    12: "_da_none"
][-1][""]
2024.07.31 14:30:47.855["ERROR: Powerconfig empty? "]["_mp_GD.TE.block_mask"]["_address"][dyn_string 12 items
     1: "_mp_Dev.SimValue:_address"
     2: "_mp_Dev.raw_value:_address"
     3: "_mp_Dev.block_mask:_address"
     4: "_mp_Dev.Scale.zero:_address"
     5: "_mp_Dev.Scale.span:_address"
     6: "_mp_Dev.Scale.set_zero:_address"
     7: "_mp_Dev.Scale.set_span:_address"
     8: "_mp_Dev.SP.low:_address"
     9: "_mp_Dev.SP.high:_address"
    10: "_mp_Dev.SP.set_low:_address"
    11: "_mp_Dev.SP.set_high:_address"
    12: "_mp_Dev.mb_value:_address"
][dyn_string 12 items
     1: "_da_none"
     2: "_da_none"
     3: "_da_none"
     4: "_da_none"
     5: "_da_none"
     6: "_da_none"
     7: "_da_none"
     8: "_da_none"
     9: "_da_none"
    10: "_da_none"
    11: "_da_none"
    12: "_da_none"
][-1][""]
2024.07.31 14:30:47.855["ERROR: Powerconfig empty? "]["_mp_GD.TE.block_mask"]["_address"][dyn_string 12 items
     1: "_mp_Dev.SimValue:_address"
     2: "_mp_Dev.raw_value:_address"
     3: "_mp_Dev.block_mask:_address"
     4: "_mp_Dev.Scale.zero:_address"
     5: "_mp_Dev.Scale.span:_address"
     6: "_mp_Dev.Scale.set_zero:_address"
     7: "_mp_Dev.Scale.set_span:_address"
     8: "_mp_Dev.SP.low:_address"
     9: "_mp_Dev.SP.high:_address"
    10: "_mp_Dev.SP.set_low:_address"
    11: "_mp_Dev.SP.set_high:_address"
    12: "_mp_Dev.mb_value:_address"
][dyn_string 12 items
     1: "_da_none"
     2: "_da_none"
     3: "_da_none"
     4: "_da_none"
     5: "_da_none"
     6: "_da_none"
     7: "_da_none"
     8: "_da_none"
     9: "_da_none"
    10: "_da_none"
    11: "_da_none"
    12: "_da_none"
][-1][""]
2024.07.31 14:30:47.855["ERROR: Powerconfig empty? "]["_mp_GD.TE.block_mask"]["_address"][dyn_string 12 items
     1: "_mp_Dev.SimValue:_address"
     2: "_mp_Dev.raw_value:_address"
     3: "_mp_Dev.block_mask:_address"
     4: "_mp_Dev.Scale.zero:_address"
     5: "_mp_Dev.Scale.span:_address"
     6: "_mp_Dev.Scale.set_zero:_address"
     7: "_mp_Dev.Scale.set_span:_address"
     8: "_mp_Dev.SP.low:_address"
     9: "_mp_Dev.SP.high:_address"
    10: "_mp_Dev.SP.set_low:_address"
    11: "_mp_Dev.SP.set_high:_address"
    12: "_mp_Dev.mb_value:_address"
][dyn_string 12 items
     1: "_da_none"
     2: "_da_none"
     3: "_da_none"
     4: "_da_none"
     5: "_da_none"
     6: "_da_none"
     7: "_da_none"
     8: "_da_none"
     9: "_da_none"
    10: "_da_none"
    11: "_da_none"
    12: "_da_none"
][-1][""]
2024.07.31 14:30:47.855["ERROR: Powerconfig empty? "]["_mp_GD.TE.block_mask"]["_address"][dyn_string 12 items
     1: "_mp_Dev.SimValue:_address"
     2: "_mp_Dev.raw_value:_address"
     3: "_mp_Dev.block_mask:_address"
     4: "_mp_Dev.Scale.zero:_address"
     5: "_mp_Dev.Scale.span:_address"
     6: "_mp_Dev.Scale.set_zero:_address"
     7: "_mp_Dev.Scale.set_span:_address"
     8: "_mp_Dev.SP.low:_address"
     9: "_mp_Dev.SP.high:_address"
    10: "_mp_Dev.SP.set_low:_address"
    11: "_mp_Dev.SP.set_high:_address"
    12: "_mp_Dev.mb_value:_address"
][dyn_string 12 items
     1: "_da_none"
     2: "_da_none"
     3: "_da_none"
     4: "_da_none"
     5: "_da_none"
     6: "_da_none"
     7: "_da_none"
     8: "_da_none"
     9: "_da_none"
    10: "_da_none"
    11: "_da_none"
    12: "_da_none"
][-1][""]
2024.07.31 14:30:47.856["ERROR: Powerconfig empty? "]["_mp_GD.TE.block_mask"]["_address"][dyn_string 12 items
     1: "_mp_Dev.SimValue:_address"
     2: "_mp_Dev.raw_value:_address"
     3: "_mp_Dev.block_mask:_address"
     4: "_mp_Dev.Scale.zero:_address"
     5: "_mp_Dev.Scale.span:_address"
     6: "_mp_Dev.Scale.set_zero:_address"
     7: "_mp_Dev.Scale.set_span:_address"
     8: "_mp_Dev.SP.low:_address"
     9: "_mp_Dev.SP.high:_address"
    10: "_mp_Dev.SP.set_low:_address"
    11: "_mp_Dev.SP.set_high:_address"
    12: "_mp_Dev.mb_value:_address"
][dyn_string 12 items
     1: "_da_none"
     2: "_da_none"
     3: "_da_none"
     4: "_da_none"
     5: "_da_none"
     6: "_da_none"
     7: "_da_none"
     8: "_da_none"
     9: "_da_none"
    10: "_da_none"
    11: "_da_none"
    12: "_da_none"
][-1][""]
2024.07.31 14:30:47.857["ERROR: Powerconfig empty? "]["_mp_GD.BT.block_mask"]["_address"][dyn_string 12 items
     1: "_mp_Dev.SimValue:_address"
     2: "_mp_Dev.raw_value:_address"
     3: "_mp_Dev.block_mask:_address"
     4: "_mp_Dev.Scale.zero:_address"
     5: "_mp_Dev.Scale.span:_address"
     6: "_mp_Dev.Scale.set_zero:_address"
     7: "_mp_Dev.Scale.set_span:_address"
     8: "_mp_Dev.SP.low:_address"
     9: "_mp_Dev.SP.high:_address"
    10: "_mp_Dev.SP.set_low:_address"
    11: "_mp_Dev.SP.set_high:_address"
    12: "_mp_Dev.mb_value:_address"
][dyn_string 12 items
     1: "_da_none"
     2: "_da_none"
     3: "_da_none"
     4: "_da_none"
     5: "_da_none"
     6: "_da_none"
     7: "_da_none"
     8: "_da_none"
     9: "_da_none"
    10: "_da_none"
    11: "_da_none"
    12: "_da_none"
][-1][""]
2024.07.31 14:30:47.857["ERROR: Powerconfig empty? "]["_mp_GD.BT.block_mask"]["_address"][dyn_string 12 items
     1: "_mp_Dev.SimValue:_address"
     2: "_mp_Dev.raw_value:_address"
     3: "_mp_Dev.block_mask:_address"
     4: "_mp_Dev.Scale.zero:_address"
     5: "_mp_Dev.Scale.span:_address"
     6: "_mp_Dev.Scale.set_zero:_address"
     7: "_mp_Dev.Scale.set_span:_address"
     8: "_mp_Dev.SP.low:_address"
     9: "_mp_Dev.SP.high:_address"
    10: "_mp_Dev.SP.set_low:_address"
    11: "_mp_Dev.SP.set_high:_address"
    12: "_mp_Dev.mb_value:_address"
][dyn_string 12 items
     1: "_da_none"
     2: "_da_none"
     3: "_da_none"
     4: "_da_none"
     5: "_da_none"
     6: "_da_none"
     7: "_da_none"
     8: "_da_none"
     9: "_da_none"
    10: "_da_none"
    11: "_da_none"
    12: "_da_none"
][-1][""]
2024.07.31 14:30:47.857["ERROR: Powerconfig empty? "]["_mp_GD.BT.block_mask"]["_address"][dyn_string 12 items
     1: "_mp_Dev.SimValue:_address"
     2: "_mp_Dev.raw_value:_address"
     3: "_mp_Dev.block_mask:_address"
     4: "_mp_Dev.Scale.zero:_address"
     5: "_mp_Dev.Scale.span:_address"
     6: "_mp_Dev.Scale.set_zero:_address"
     7: "_mp_Dev.Scale.set_span:_address"
     8: "_mp_Dev.SP.low:_address"
     9: "_mp_Dev.SP.high:_address"
    10: "_mp_Dev.SP.set_low:_address"
    11: "_mp_Dev.SP.set_high:_address"
    12: "_mp_Dev.mb_value:_address"
][dyn_string 12 items
     1: "_da_none"
     2: "_da_none"
     3: "_da_none"
     4: "_da_none"
     5: "_da_none"
     6: "_da_none"
     7: "_da_none"
     8: "_da_none"
     9: "_da_none"
    10: "_da_none"
    11: "_da_none"
    12: "_da_none"
][-1][""]
2024.07.31 14:30:47.857["ERROR: Powerconfig empty? "]["_mp_GD.BT.block_mask"]["_address"][dyn_string 12 items
     1: "_mp_Dev.SimValue:_address"
     2: "_mp_Dev.raw_value:_address"
     3: "_mp_Dev.block_mask:_address"
     4: "_mp_Dev.Scale.zero:_address"
     5: "_mp_Dev.Scale.span:_address"
     6: "_mp_Dev.Scale.set_zero:_address"
     7: "_mp_Dev.Scale.set_span:_address"
     8: "_mp_Dev.SP.low:_address"
     9: "_mp_Dev.SP.high:_address"
    10: "_mp_Dev.SP.set_low:_address"
    11: "_mp_Dev.SP.set_high:_address"
    12: "_mp_Dev.mb_value:_address"
][dyn_string 12 items
     1: "_da_none"
     2: "_da_none"
     3: "_da_none"
     4: "_da_none"
     5: "_da_none"
     6: "_da_none"
     7: "_da_none"
     8: "_da_none"
     9: "_da_none"
    10: "_da_none"
    11: "_da_none"
    12: "_da_none"
][-1][""]
2024.07.31 14:30:47.857["ERROR: Powerconfig empty? "]["_mp_GD.BT.block_mask"]["_address"][dyn_string 12 items
     1: "_mp_Dev.SimValue:_address"
     2: "_mp_Dev.raw_value:_address"
     3: "_mp_Dev.block_mask:_address"
     4: "_mp_Dev.Scale.zero:_address"
     5: "_mp_Dev.Scale.span:_address"
     6: "_mp_Dev.Scale.set_zero:_address"
     7: "_mp_Dev.Scale.set_span:_address"
     8: "_mp_Dev.SP.low:_address"
     9: "_mp_Dev.SP.high:_address"
    10: "_mp_Dev.SP.set_low:_address"
    11: "_mp_Dev.SP.set_high:_address"
    12: "_mp_Dev.mb_value:_address"
][dyn_string 12 items
     1: "_da_none"
     2: "_da_none"
     3: "_da_none"
     4: "_da_none"
     5: "_da_none"
     6: "_da_none"
     7: "_da_none"
     8: "_da_none"
     9: "_da_none"
    10: "_da_none"
    11: "_da_none"
    12: "_da_none"
][-1][""]
2024.07.31 14:30:47.857["ERROR: Powerconfig empty? "]["_mp_GD.BT.block_mask"]["_address"][dyn_string 12 items
     1: "_mp_Dev.SimValue:_address"
     2: "_mp_Dev.raw_value:_address"
     3: "_mp_Dev.block_mask:_address"
     4: "_mp_Dev.Scale.zero:_address"
     5: "_mp_Dev.Scale.span:_address"
     6: "_mp_Dev.Scale.set_zero:_address"
     7: "_mp_Dev.Scale.set_span:_address"
     8: "_mp_Dev.SP.low:_address"
     9: "_mp_Dev.SP.high:_address"
    10: "_mp_Dev.SP.set_low:_address"
    11: "_mp_Dev.SP.set_high:_address"
    12: "_mp_Dev.mb_value:_address"
][dyn_string 12 items
     1: "_da_none"
     2: "_da_none"
     3: "_da_none"
     4: "_da_none"
     5: "_da_none"
     6: "_da_none"
     7: "_da_none"
     8: "_da_none"
     9: "_da_none"
    10: "_da_none"
    11: "_da_none"
    12: "_da_none"
][-1][""]
2024.07.31 14:30:47.857["ERROR: Powerconfig empty? "]["_mp_GD.BT.block_mask"]["_address"][dyn_string 12 items
     1: "_mp_Dev.SimValue:_address"
     2: "_mp_Dev.raw_value:_address"
     3: "_mp_Dev.block_mask:_address"
     4: "_mp_Dev.Scale.zero:_address"
     5: "_mp_Dev.Scale.span:_address"
     6: "_mp_Dev.Scale.set_zero:_address"
     7: "_mp_Dev.Scale.set_span:_address"
     8: "_mp_Dev.SP.low:_address"
     9: "_mp_Dev.SP.high:_address"
    10: "_mp_Dev.SP.set_low:_address"
    11: "_mp_Dev.SP.set_high:_address"
    12: "_mp_Dev.mb_value:_address"
][dyn_string 12 items
     1: "_da_none"
     2: "_da_none"
     3: "_da_none"
     4: "_da_none"
     5: "_da_none"
     6: "_da_none"
     7: "_da_none"
     8: "_da_none"
     9: "_da_none"
    10: "_da_none"
    11: "_da_none"
    12: "_da_none"
][-1][""]
2024.07.31 14:30:47.858["ERROR: Powerconfig empty? "]["_mp_GD.BT.block_mask"]["_address"][dyn_string 12 items
     1: "_mp_Dev.SimValue:_address"
     2: "_mp_Dev.raw_value:_address"
     3: "_mp_Dev.block_mask:_address"
     4: "_mp_Dev.Scale.zero:_address"
     5: "_mp_Dev.Scale.span:_address"
     6: "_mp_Dev.Scale.set_zero:_address"
     7: "_mp_Dev.Scale.set_span:_address"
     8: "_mp_Dev.SP.low:_address"
     9: "_mp_Dev.SP.high:_address"
    10: "_mp_Dev.SP.set_low:_address"
    11: "_mp_Dev.SP.set_high:_address"
    12: "_mp_Dev.mb_value:_address"
][dyn_string 12 items
     1: "_da_none"
     2: "_da_none"
     3: "_da_none"
     4: "_da_none"
     5: "_da_none"
     6: "_da_none"
     7: "_da_none"
     8: "_da_none"
     9: "_da_none"
    10: "_da_none"
    11: "_da_none"
    12: "_da_none"
][-1][""]
2024.07.31 14:30:47.858["ERROR: Powerconfig empty? "]["_mp_GD.BT.block_mask"]["_address"][dyn_string 12 items
     1: "_mp_Dev.SimValue:_address"
     2: "_mp_Dev.raw_value:_address"
     3: "_mp_Dev.block_mask:_address"
     4: "_mp_Dev.Scale.zero:_address"
     5: "_mp_Dev.Scale.span:_address"
     6: "_mp_Dev.Scale.set_zero:_address"
     7: "_mp_Dev.Scale.set_span:_address"
     8: "_mp_Dev.SP.low:_address"
     9: "_mp_Dev.SP.high:_address"
    10: "_mp_Dev.SP.set_low:_address"
    11: "_mp_Dev.SP.set_high:_address"
    12: "_mp_Dev.mb_value:_address"
][dyn_string 12 items
     1: "_da_none"
     2: "_da_none"
     3: "_da_none"
     4: "_da_none"
     5: "_da_none"
     6: "_da_none"
     7: "_da_none"
     8: "_da_none"
     9: "_da_none"
    10: "_da_none"
    11: "_da_none"
    12: "_da_none"
][-1][""]
2024.07.31 14:30:47.858["ERROR: Powerconfig empty? "]["_mp_Stage.PGT.block_mask"]["_address"][dyn_string 12 items
     1: "_mp_Dev.SimValue:_address"
     2: "_mp_Dev.raw_value:_address"
     3: "_mp_Dev.block_mask:_address"
     4: "_mp_Dev.Scale.zero:_address"
     5: "_mp_Dev.Scale.span:_address"
     6: "_mp_Dev.Scale.set_zero:_address"
     7: "_mp_Dev.Scale.set_span:_address"
     8: "_mp_Dev.SP.low:_address"
     9: "_mp_Dev.SP.high:_address"
    10: "_mp_Dev.SP.set_low:_address"
    11: "_mp_Dev.SP.set_high:_address"
    12: "_mp_Dev.mb_value:_address"
][dyn_string 12 items
     1: "_da_none"
     2: "_da_none"
     3: "_da_none"
     4: "_da_none"
     5: "_da_none"
     6: "_da_none"
     7: "_da_none"
     8: "_da_none"
     9: "_da_none"
    10: "_da_none"
    11: "_da_none"
    12: "_da_none"
][-1][""]
2024.07.31 14:30:47.858["ERROR: Powerconfig empty? "]["_mp_Stage.PGT.block_mask"]["_address"][dyn_string 12 items
     1: "_mp_Dev.SimValue:_address"
     2: "_mp_Dev.raw_value:_address"
     3: "_mp_Dev.block_mask:_address"
     4: "_mp_Dev.Scale.zero:_address"
     5: "_mp_Dev.Scale.span:_address"
     6: "_mp_Dev.Scale.set_zero:_address"
     7: "_mp_Dev.Scale.set_span:_address"
     8: "_mp_Dev.SP.low:_address"
     9: "_mp_Dev.SP.high:_address"
    10: "_mp_Dev.SP.set_low:_address"
    11: "_mp_Dev.SP.set_high:_address"
    12: "_mp_Dev.mb_value:_address"
][dyn_string 12 items
     1: "_da_none"
     2: "_da_none"
     3: "_da_none"
     4: "_da_none"
     5: "_da_none"
     6: "_da_none"
     7: "_da_none"
     8: "_da_none"
     9: "_da_none"
    10: "_da_none"
    11: "_da_none"
    12: "_da_none"
][-1][""]
2024.07.31 14:30:47.859["ERROR: Powerconfig empty? "]["_mp_Stage.PGT.block_mask"]["_address"][dyn_string 12 items
     1: "_mp_Dev.SimValue:_address"
     2: "_mp_Dev.raw_value:_address"
     3: "_mp_Dev.block_mask:_address"
     4: "_mp_Dev.Scale.zero:_address"
     5: "_mp_Dev.Scale.span:_address"
     6: "_mp_Dev.Scale.set_zero:_address"
     7: "_mp_Dev.Scale.set_span:_address"
     8: "_mp_Dev.SP.low:_address"
     9: "_mp_Dev.SP.high:_address"
    10: "_mp_Dev.SP.set_low:_address"
    11: "_mp_Dev.SP.set_high:_address"
    12: "_mp_Dev.mb_value:_address"
][dyn_string 12 items
     1: "_da_none"
     2: "_da_none"
     3: "_da_none"
     4: "_da_none"
     5: "_da_none"
     6: "_da_none"
     7: "_da_none"
     8: "_da_none"
     9: "_da_none"
    10: "_da_none"
    11: "_da_none"
    12: "_da_none"
][-1][""]
2024.07.31 14:30:47.859["ERROR: Powerconfig empty? "]["_mp_Stage.PGT.block_mask"]["_address"][dyn_string 12 items
     1: "_mp_Dev.SimValue:_address"
     2: "_mp_Dev.raw_value:_address"
     3: "_mp_Dev.block_mask:_address"
     4: "_mp_Dev.Scale.zero:_address"
     5: "_mp_Dev.Scale.span:_address"
     6: "_mp_Dev.Scale.set_zero:_address"
     7: "_mp_Dev.Scale.set_span:_address"
     8: "_mp_Dev.SP.low:_address"
     9: "_mp_Dev.SP.high:_address"
    10: "_mp_Dev.SP.set_low:_address"
    11: "_mp_Dev.SP.set_high:_address"
    12: "_mp_Dev.mb_value:_address"
][dyn_string 12 items
     1: "_da_none"
     2: "_da_none"
     3: "_da_none"
     4: "_da_none"
     5: "_da_none"
     6: "_da_none"
     7: "_da_none"
     8: "_da_none"
     9: "_da_none"
    10: "_da_none"
    11: "_da_none"
    12: "_da_none"
][-1][""]
2024.07.31 14:30:47.859["ERROR: Powerconfig empty? "]["_mp_Stage.PGT.block_mask"]["_address"][dyn_string 12 items
     1: "_mp_Dev.SimValue:_address"
     2: "_mp_Dev.raw_value:_address"
     3: "_mp_Dev.block_mask:_address"
     4: "_mp_Dev.Scale.zero:_address"
     5: "_mp_Dev.Scale.span:_address"
     6: "_mp_Dev.Scale.set_zero:_address"
     7: "_mp_Dev.Scale.set_span:_address"
     8: "_mp_Dev.SP.low:_address"
     9: "_mp_Dev.SP.high:_address"
    10: "_mp_Dev.SP.set_low:_address"
    11: "_mp_Dev.SP.set_high:_address"
    12: "_mp_Dev.mb_value:_address"
][dyn_string 12 items
     1: "_da_none"
     2: "_da_none"
     3: "_da_none"
     4: "_da_none"
     5: "_da_none"
     6: "_da_none"
     7: "_da_none"
     8: "_da_none"
     9: "_da_none"
    10: "_da_none"
    11: "_da_none"
    12: "_da_none"
][-1][""]
2024.07.31 14:30:47.859["ERROR: Powerconfig empty? "]["_mp_Stage.PGT.block_mask"]["_address"][dyn_string 12 items
     1: "_mp_Dev.SimValue:_address"
     2: "_mp_Dev.raw_value:_address"
     3: "_mp_Dev.block_mask:_address"
     4: "_mp_Dev.Scale.zero:_address"
     5: "_mp_Dev.Scale.span:_address"
     6: "_mp_Dev.Scale.set_zero:_address"
     7: "_mp_Dev.Scale.set_span:_address"
     8: "_mp_Dev.SP.low:_address"
     9: "_mp_Dev.SP.high:_address"
    10: "_mp_Dev.SP.set_low:_address"
    11: "_mp_Dev.SP.set_high:_address"
    12: "_mp_Dev.mb_value:_address"
][dyn_string 12 items
     1: "_da_none"
     2: "_da_none"
     3: "_da_none"
     4: "_da_none"
     5: "_da_none"
     6: "_da_none"
     7: "_da_none"
     8: "_da_none"
     9: "_da_none"
    10: "_da_none"
    11: "_da_none"
    12: "_da_none"
][-1][""]
2024.07.31 14:30:47.860["ERROR: Powerconfig empty? "]["_mp_Stage.PGT.block_mask"]["_address"][dyn_string 12 items
     1: "_mp_Dev.SimValue:_address"
     2: "_mp_Dev.raw_value:_address"
     3: "_mp_Dev.block_mask:_address"
     4: "_mp_Dev.Scale.zero:_address"
     5: "_mp_Dev.Scale.span:_address"
     6: "_mp_Dev.Scale.set_zero:_address"
     7: "_mp_Dev.Scale.set_span:_address"
     8: "_mp_Dev.SP.low:_address"
     9: "_mp_Dev.SP.high:_address"
    10: "_mp_Dev.SP.set_low:_address"
    11: "_mp_Dev.SP.set_high:_address"
    12: "_mp_Dev.mb_value:_address"
][dyn_string 12 items
     1: "_da_none"
     2: "_da_none"
     3: "_da_none"
     4: "_da_none"
     5: "_da_none"
     6: "_da_none"
     7: "_da_none"
     8: "_da_none"
     9: "_da_none"
    10: "_da_none"
    11: "_da_none"
    12: "_da_none"
][-1][""]
2024.07.31 14:30:47.860["ERROR: Powerconfig empty? "]["_mp_Stage.PGT.block_mask"]["_address"][dyn_string 12 items
     1: "_mp_Dev.SimValue:_address"
     2: "_mp_Dev.raw_value:_address"
     3: "_mp_Dev.block_mask:_address"
     4: "_mp_Dev.Scale.zero:_address"
     5: "_mp_Dev.Scale.span:_address"
     6: "_mp_Dev.Scale.set_zero:_address"
     7: "_mp_Dev.Scale.set_span:_address"
     8: "_mp_Dev.SP.low:_address"
     9: "_mp_Dev.SP.high:_address"
    10: "_mp_Dev.SP.set_low:_address"
    11: "_mp_Dev.SP.set_high:_address"
    12: "_mp_Dev.mb_value:_address"
][dyn_string 12 items
     1: "_da_none"
     2: "_da_none"
     3: "_da_none"
     4: "_da_none"
     5: "_da_none"
     6: "_da_none"
     7: "_da_none"
     8: "_da_none"
     9: "_da_none"
    10: "_da_none"
    11: "_da_none"
    12: "_da_none"
][-1][""]
2024.07.31 14:30:47.860["ERROR: Powerconfig empty? "]["_mp_Stage.PGT.block_mask"]["_address"][dyn_string 12 items
     1: "_mp_Dev.SimValue:_address"
     2: "_mp_Dev.raw_value:_address"
     3: "_mp_Dev.block_mask:_address"
     4: "_mp_Dev.Scale.zero:_address"
     5: "_mp_Dev.Scale.span:_address"
     6: "_mp_Dev.Scale.set_zero:_address"
     7: "_mp_Dev.Scale.set_span:_address"
     8: "_mp_Dev.SP.low:_address"
     9: "_mp_Dev.SP.high:_address"
    10: "_mp_Dev.SP.set_low:_address"
    11: "_mp_Dev.SP.set_high:_address"
    12: "_mp_Dev.mb_value:_address"
][dyn_string 12 items
     1: "_da_none"
     2: "_da_none"
     3: "_da_none"
     4: "_da_none"
     5: "_da_none"
     6: "_da_none"
     7: "_da_none"
     8: "_da_none"
     9: "_da_none"
    10: "_da_none"
    11: "_da_none"
    12: "_da_none"
][-1][""]
2024.07.31 14:30:47.860["ERROR: Powerconfig empty? "]["_mp_Stage.PGT.block_mask"]["_address"][dyn_string 12 items
     1: "_mp_Dev.SimValue:_address"
     2: "_mp_Dev.raw_value:_address"
     3: "_mp_Dev.block_mask:_address"
     4: "_mp_Dev.Scale.zero:_address"
     5: "_mp_Dev.Scale.span:_address"
     6: "_mp_Dev.Scale.set_zero:_address"
     7: "_mp_Dev.Scale.set_span:_address"
     8: "_mp_Dev.SP.low:_address"
     9: "_mp_Dev.SP.high:_address"
    10: "_mp_Dev.SP.set_low:_address"
    11: "_mp_Dev.SP.set_high:_address"
    12: "_mp_Dev.mb_value:_address"
][dyn_string 12 items
     1: "_da_none"
     2: "_da_none"
     3: "_da_none"
     4: "_da_none"
     5: "_da_none"
     6: "_da_none"
     7: "_da_none"
     8: "_da_none"
     9: "_da_none"
    10: "_da_none"
    11: "_da_none"
    12: "_da_none"
][-1][""]
["success"]
["success"]
["success"]
["success"]
["success"]
["success"]
["success"]
["success"]
["success"]
["success"]
["success"]
["success"]
["success"]
["success"]
["success"]
["success"]
["success"]
["success"]
["success"]
["success"]
["success"]
[5]
[5]
[5]
[5]
[16]
[16]
[16]
[16]
[5]
[5]
[5]
[5]
[16]
[16]
[16]
[16]
[5]
[15]
[25]
[35]
[6]
[16]
[26]
[36]
["xy_401101.SimOn"][" "]["xy_401102.SimOn"][" "]["xy_401103.SimOn"][" "]["xy_401104.SimOn"][" "]["xy_401105.SimOn"][" "]["xy_401106.SimOn"][" "]["xy_401107.SimOn"][" "]["xy_401108.SimOn"][" "]["xy_401109.SimOn"][" "]["xy_401110.SimOn"][" "]["xy_401111.SimOn"][" "]["xy_401112.SimOn"][" "]["xy_401113.SimOn"][" "]["xy_401114.SimOn"][" "]["xy_401115.SimOn"][" "]["xy_401116.SimOn"][" "][""]
["xy_401101.SimValue"][" "]["xy_401102.SimValue"][" "]["xy_401103.SimValue"][" "]["xy_401104.SimValue"][" "]["xy_401105.SimValue"][" "]["xy_401106.SimValue"][" "]["xy_401107.SimValue"][" "]["xy_401108.SimValue"][" "]["xy_401109.SimValue"][" "]["xy_401110.SimValue"][" "]["xy_401111.SimValue"][" "]["xy_401112.SimValue"][" "]["xy_401113.SimValue"][" "]["xy_401114.SimValue"][" "]["xy_401115.SimValue"][" "]["xy_401116.SimValue"][" "][""]
["xy_401101.ProgUse"][" "]["xy_401102.ProgUse"][" "]["xy_401103.ProgUse"][" "]["xy_401104.ProgUse"][" "]["xy_401105.ProgUse"][" "]["xy_401106.ProgUse"][" "]["xy_401107.ProgUse"][" "]["xy_401108.ProgUse"][" "]["xy_401109.ProgUse"][" "]["xy_401110.ProgUse"][" "]["xy_401111.ProgUse"][" "]["xy_401112.ProgUse"][" "]["xy_401113.ProgUse"][" "]["xy_401114.ProgUse"][" "]["xy_401115.ProgUse"][" "]["xy_401116.ProgUse"][" "][""]
["xy_401101.Out"][" "]["xy_401102.Out"][" "]["xy_401103.Out"][" "]["xy_401104.Out"][" "]["xy_401105.Out"][" "]["xy_401106.Out"][" "]["xy_401107.Out"][" "]["xy_401108.Out"][" "]["xy_401109.Out"][" "]["xy_401110.Out"][" "]["xy_401111.Out"][" "]["xy_401112.Out"][" "]["xy_401113.Out"][" "]["xy_401114.Out"][" "]["xy_401115.Out"][" "]["xy_401116.Out"][" "][""]
["xy_401117.SimOn"][" "]["xy_401118.SimOn"][" "]["xy_401119.SimOn"][" "]["xy_401120.SimOn"][" "]["xy_401121.SimOn"][" "]["xy_401122.SimOn"][" "]["xy_401123.SimOn"][" "]["xy_401124.SimOn"][" "]["xy_401125.SimOn"][" "]["xy_401126.SimOn"][" "]["xy_401127.SimOn"][" "]["xy_401128.SimOn"][" "][""]
["xy_401117.SimValue"][" "]["xy_401118.SimValue"][" "]["xy_401119.SimValue"][" "]["xy_401120.SimValue"][" "]["xy_401121.SimValue"][" "]["xy_401122.SimValue"][" "]["xy_401123.SimValue"][" "]["xy_401124.SimValue"][" "]["xy_401125.SimValue"][" "]["xy_401126.SimValue"][" "]["xy_401127.SimValue"][" "]["xy_401128.SimValue"][" "][""]
["xy_401117.ProgUse"][" "]["xy_401118.ProgUse"][" "]["xy_401119.ProgUse"][" "]["xy_401120.ProgUse"][" "]["xy_401121.ProgUse"][" "]["xy_401122.ProgUse"][" "]["xy_401123.ProgUse"][" "]["xy_401124.ProgUse"][" "]["xy_401125.ProgUse"][" "]["xy_401126.ProgUse"][" "]["xy_401127.ProgUse"][" "]["xy_401128.ProgUse"][" "][""]
["xy_401117.Out"][" "]["xy_401118.Out"][" "]["xy_401119.Out"][" "]["xy_401120.Out"][" "]["xy_401121.Out"][" "]["xy_401122.Out"][" "]["xy_401123.Out"][" "]["xy_401124.Out"][" "]["xy_401125.Out"][" "]["xy_401126.Out"][" "]["xy_401127.Out"][" "]["xy_401128.Out"][" "][""]
["xy_401101.SimOn"]["xy_401102.SimOn"]["xy_401103.SimOn"]["xy_401104.SimOn"]["xy_401105.SimOn"]["xy_401106.SimOn"]["xy_401107.SimOn"]["xy_401108.SimOn"]["xy_401109.SimOn"]["xy_401110.SimOn"]["xy_401111.SimOn"]["xy_401112.SimOn"]["xy_401113.SimOn"]["xy_401114.SimOn"]["xy_401115.SimOn"]["xy_401116.SimOn"][""]
["xy_401101.SimValue"]["xy_401102.SimValue"]["xy_401103.SimValue"]["xy_401104.SimValue"]["xy_401105.SimValue"]["xy_401106.SimValue"]["xy_401107.SimValue"]["xy_401108.SimValue"]["xy_401109.SimValue"]["xy_401110.SimValue"]["xy_401111.SimValue"]["xy_401112.SimValue"]["xy_401113.SimValue"]["xy_401114.SimValue"]["xy_401115.SimValue"]["xy_401116.SimValue"][""]
["xy_401101.ProgUse"]["xy_401102.ProgUse"]["xy_401103.ProgUse"]["xy_401104.ProgUse"]["xy_401105.ProgUse"]["xy_401106.ProgUse"]["xy_401107.ProgUse"]["xy_401108.ProgUse"]["xy_401109.ProgUse"]["xy_401110.ProgUse"]["xy_401111.ProgUse"]["xy_401112.ProgUse"]["xy_401113.ProgUse"]["xy_401114.ProgUse"]["xy_401115.ProgUse"]["xy_401116.ProgUse"][""]
["xy_401101.Out"]["xy_401102.Out"]["xy_401103.Out"]["xy_401104.Out"]["xy_401105.Out"]["xy_401106.Out"]["xy_401107.Out"]["xy_401108.Out"]["xy_401109.Out"]["xy_401110.Out"]["xy_401111.Out"]["xy_401112.Out"]["xy_401113.Out"]["xy_401114.Out"]["xy_401115.Out"]["xy_401116.Out"][""]
["xy_401117.SimOn"]["xy_401118.SimOn"]["xy_401119.SimOn"]["xy_401120.SimOn"]["xy_401121.SimOn"]["xy_401122.SimOn"]["xy_401123.SimOn"]["xy_401124.SimOn"]["xy_401125.SimOn"]["xy_401126.SimOn"]["xy_401127.SimOn"]["xy_401128.SimOn"][""]
["xy_401117.SimValue"]["xy_401118.SimValue"]["xy_401119.SimValue"]["xy_401120.SimValue"]["xy_401121.SimValue"]["xy_401122.SimValue"]["xy_401123.SimValue"]["xy_401124.SimValue"]["xy_401125.SimValue"]["xy_401126.SimValue"]["xy_401127.SimValue"]["xy_401128.SimValue"][""]
["xy_401117.ProgUse"]["xy_401118.ProgUse"]["xy_401119.ProgUse"]["xy_401120.ProgUse"]["xy_401121.ProgUse"]["xy_401122.ProgUse"]["xy_401123.ProgUse"]["xy_401124.ProgUse"]["xy_401125.ProgUse"]["xy_401126.ProgUse"]["xy_401127.ProgUse"]["xy_401128.ProgUse"][""]
["xy_401117.Out"]["xy_401118.Out"]["xy_401119.Out"]["xy_401120.Out"]["xy_401121.Out"]["xy_401122.Out"]["xy_401123.Out"]["xy_401124.Out"]["xy_401125.Out"]["xy_401126.Out"]["xy_401127.Out"]["xy_401128.Out"][""]
["xy_401101.SimOn"]["xy_401102.SimOn"]["xy_401103.SimOn"]["xy_401104.SimOn"]["xy_401105.SimOn"]["xy_401106.SimOn"]["xy_401107.SimOn"]["xy_401108.SimOn"]["xy_401109.SimOn"]["xy_401110.SimOn"]["xy_401111.SimOn"]["xy_401112.SimOn"]["xy_401113.SimOn"]["xy_401114.SimOn"]["xy_401115.SimOn"]["xy_401116.SimOn"][""]
["xy_401101.SimValue"]["xy_401102.SimValue"]["xy_401103.SimValue"]["xy_401104.SimValue"]["xy_401105.SimValue"]["xy_401106.SimValue"]["xy_401107.SimValue"]["xy_401108.SimValue"]["xy_401109.SimValue"]["xy_401110.SimValue"]["xy_401111.SimValue"]["xy_401112.SimValue"]["xy_401113.SimValue"]["xy_401114.SimValue"]["xy_401115.SimValue"]["xy_401116.SimValue"][""]
["xy_401101.ProgUse"]["xy_401102.ProgUse"]["xy_401103.ProgUse"]["xy_401104.ProgUse"]["xy_401105.ProgUse"]["xy_401106.ProgUse"]["xy_401107.ProgUse"]["xy_401108.ProgUse"]["xy_401109.ProgUse"]["xy_401110.ProgUse"]["xy_401111.ProgUse"]["xy_401112.ProgUse"]["xy_401113.ProgUse"]["xy_401114.ProgUse"]["xy_401115.ProgUse"]["xy_401116.ProgUse"][""]
["xy_401101.Out"]["xy_401102.Out"]["xy_401103.Out"]["xy_401104.Out"]["xy_401105.Out"]["xy_401106.Out"]["xy_401107.Out"]["xy_401108.Out"]["xy_401109.Out"]["xy_401110.Out"]["xy_401111.Out"]["xy_401112.Out"]["xy_401113.Out"]["xy_401114.Out"]["xy_401115.Out"]["xy_401116.Out"][""]
["xy_401117.SimOn"]["xy_401118.SimOn"]["xy_401119.SimOn"]["xy_401120.SimOn"]["xy_401121.SimOn"]["xy_401122.SimOn"]["xy_401123.SimOn"]["xy_401124.SimOn"]["xy_401125.SimOn"]["xy_401126.SimOn"]["xy_401127.SimOn"]["xy_401128.SimOn"][""]
["xy_401117.SimValue"]["xy_401118.SimValue"]["xy_401119.SimValue"]["xy_401120.SimValue"]["xy_401121.SimValue"]["xy_401122.SimValue"]["xy_401123.SimValue"]["xy_401124.SimValue"]["xy_401125.SimValue"]["xy_401126.SimValue"]["xy_401127.SimValue"]["xy_401128.SimValue"][""]
["xy_401117.ProgUse"]["xy_401118.ProgUse"]["xy_401119.ProgUse"]["xy_401120.ProgUse"]["xy_401121.ProgUse"]["xy_401122.ProgUse"]["xy_401123.ProgUse"]["xy_401124.ProgUse"]["xy_401125.ProgUse"]["xy_401126.ProgUse"]["xy_401127.ProgUse"]["xy_401128.ProgUse"][""]
["xy_401117.Out"]["xy_401118.Out"]["xy_401119.Out"]["xy_401120.Out"]["xy_401121.Out"]["xy_401122.Out"]["xy_401123.Out"]["xy_401124.Out"]["xy_401125.Out"]["xy_401126.Out"]["xy_401127.Out"]["xy_401128.Out"][""]
["xy_401101.SimOn"]["xy_401102.SimOn"]["xy_401103.SimOn"]["xy_401104.SimOn"]["xy_401105.SimOn"]["xy_401106.SimOn"]["xy_401107.SimOn"]["xy_401108.SimOn"]["xy_401109.SimOn"]["xy_401110.SimOn"]["xy_401111.SimOn"]["xy_401112.SimOn"]["xy_401113.SimOn"]["xy_401114.SimOn"]["xy_401115.SimOn"]["xy_401116.SimOn"][""]
["xy_401101.SimValue"]["xy_401102.SimValue"]["xy_401103.SimValue"]["xy_401104.SimValue"]["xy_401105.SimValue"]["xy_401106.SimValue"]["xy_401107.SimValue"]["xy_401108.SimValue"]["xy_401109.SimValue"]["xy_401110.SimValue"]["xy_401111.SimValue"]["xy_401112.SimValue"]["xy_401113.SimValue"]["xy_401114.SimValue"]["xy_401115.SimValue"]["xy_401116.SimValue"][""]
["xy_401101.ProgUse"]["xy_401102.ProgUse"]["xy_401103.ProgUse"]["xy_401104.ProgUse"]["xy_401105.ProgUse"]["xy_401106.ProgUse"]["xy_401107.ProgUse"]["xy_401108.ProgUse"]["xy_401109.ProgUse"]["xy_401110.ProgUse"]["xy_401111.ProgUse"]["xy_401112.ProgUse"]["xy_401113.ProgUse"]["xy_401114.ProgUse"]["xy_401115.ProgUse"]["xy_401116.ProgUse"][""]
["xy_401101.Out"]["xy_401102.Out"]["xy_401103.Out"]["xy_401104.Out"]["xy_401105.Out"]["xy_401106.Out"]["xy_401107.Out"]["xy_401108.Out"]["xy_401109.Out"]["xy_401110.Out"]["xy_401111.Out"]["xy_401112.Out"]["xy_401113.Out"]["xy_401114.Out"]["xy_401115.Out"]["xy_401116.Out"][""]
["xy_401117.SimOn"]["xy_401118.SimOn"]["xy_401119.SimOn"]["xy_401120.SimOn"]["xy_401121.SimOn"]["xy_401122.SimOn"]["xy_401123.SimOn"]["xy_401124.SimOn"]["xy_401125.SimOn"]["xy_401126.SimOn"]["xy_401127.SimOn"]["xy_401128.SimOn"][""]
["xy_401117.SimValue"]["xy_401118.SimValue"]["xy_401119.SimValue"]["xy_401120.SimValue"]["xy_401121.SimValue"]["xy_401122.SimValue"]["xy_401123.SimValue"]["xy_401124.SimValue"]["xy_401125.SimValue"]["xy_401126.SimValue"]["xy_401127.SimValue"]["xy_401128.SimValue"][""]
["xy_401117.ProgUse"]["xy_401118.ProgUse"]["xy_401119.ProgUse"]["xy_401120.ProgUse"]["xy_401121.ProgUse"]["xy_401122.ProgUse"]["xy_401123.ProgUse"]["xy_401124.ProgUse"]["xy_401125.ProgUse"]["xy_401126.ProgUse"]["xy_401127.ProgUse"]["xy_401128.ProgUse"][""]
["xy_401117.Out"]["xy_401118.Out"]["xy_401119.Out"]["xy_401120.Out"]["xy_401121.Out"]["xy_401122.Out"]["xy_401123.Out"]["xy_401124.Out"]["xy_401125.Out"]["xy_401126.Out"]["xy_401127.Out"]["xy_401128.Out"][""]
["success"]
[4]
[0]
["success"]
["success"]
[0.011]
[0.011]
[0.001]
[0.001]
[0.001]
[0.011]
[0.107]
[0.106]
[0.012]
[0.104]
[0.106]
[0.105]
[0.158]
[0.159]
[0.145]
[0.142]
[0.156]
[1970.01.01 03:00:00.804000000]
[1970.01.01 03:00:09.954000000]
[1970.01.01 03:00:08.966000000]
[1970.01.01 03:00:09.566000000]
[1970.01.01 03:00:08.344000000]
[1970.01.01 03:00:09.551000000]
[1970.01.01 03:00:00.000000000]
[1970.01.01 03:00:00.000000000]
[1970.01.01 03:00:00.000000000]
[1970.01.01 03:00:00.000000000]
[1970.01.01 03:00:00.001000000]
